  [1m[36m (8.0ms)[0m  [1mCREATE TABLE "schema_migrations" ("version" character varying NOT NULL) [0m
  [1m[35m (2.2ms)[0m  CREATE UNIQUE INDEX  "unique_schema_migrations" ON "schema_migrations"  ("version")
  [1m[36mActiveRecord::SchemaMigration Load (0.8ms)[0m  [1mSELECT "schema_migrations".* FROM "schema_migrations"[0m
Migrating to CreateProducts (20150818171059)
  [1m[35m (0.3ms)[0m  BEGIN
  [1m[36m (9.3ms)[0m  [1mCREATE TABLE "products" ("id" serial primary key, "name" character varying NOT NULL, "description" text, "retail_price" decimal(8,2), "year" character varying, "varietal" character varying, "vineyard" character varying, "created_at" timestamp NOT NULL, "updated_at" timestamp NOT NULL) [0m
  [1m[35mSQL (0.7ms)[0m  INSERT INTO "schema_migrations" ("version") VALUES ($1)  [["version", "20150818171059"]]
  [1m[36m (1.0ms)[0m  [1mCOMMIT[0m
  [1m[35mActiveRecord::SchemaMigration Load (0.6ms)[0m  SELECT "schema_migrations".* FROM "schema_migrations"
  [1m[36m (7.8ms)[0m  [1mSELECT t2.oid::regclass::text AS to_table, a1.attname AS column, a2.attname AS primary_key, c.conname AS name, c.confupdtype AS on_update, c.confdeltype AS on_delete
FROM pg_constraint c
JOIN pg_class t1 ON c.conrelid = t1.oid
JOIN pg_class t2 ON c.confrelid = t2.oid
JOIN pg_attribute a1 ON a1.attnum = c.conkey[1] AND a1.attrelid = t1.oid
JOIN pg_attribute a2 ON a2.attnum = c.confkey[1] AND a2.attrelid = t2.oid
JOIN pg_namespace t3 ON c.connamespace = t3.oid
WHERE c.contype = 'f'
  AND t1.relname = 'products'
  AND t3.nspname = ANY (current_schemas(false))
ORDER BY c.conname
[0m
  [1m[36m (0.2ms)[0m  [1mBEGIN[0m
  [1m[35mSQL (2.9ms)[0m  INSERT INTO "products" ("name", "description", "retail_price", "year", "created_at", "updated_at") VALUES ($1, $2, $3, $4, $5, $6) RETURNING "id"  [["name", "test"], ["description", "good"], ["retail_price", "20.0"], ["year", "2010"], ["created_at", "2015-08-18 17:26:03.912614"], ["updated_at", "2015-08-18 17:26:03.912614"]]
  [1m[36m (0.8ms)[0m  [1mCOMMIT[0m
  [1m[35mProduct Load (38.1ms)[0m  SELECT  "products".* FROM "products"  ORDER BY "products"."id" ASC LIMIT 1
  [1m[36mProduct Load (1.4ms)[0m  [1mSELECT  "products".* FROM "products"  ORDER BY "products"."id" ASC LIMIT 1[0m
  [1m[35mProduct Load (1.4ms)[0m  SELECT  "products".* FROM "products"  ORDER BY "products"."id" ASC LIMIT 1
  [1m[36mProduct Load (1.4ms)[0m  [1mSELECT  "products".* FROM "products"  ORDER BY "products"."id" ASC LIMIT 1[0m
  [1m[35mProduct Load (1.9ms)[0m  SELECT  "products".* FROM "products"  ORDER BY "products"."id" ASC LIMIT 1
  [1m[36mProduct Load (1.3ms)[0m  [1mSELECT  "products".* FROM "products"  ORDER BY "products"."id" ASC LIMIT 1[0m
  [1m[35mProduct Load (1.2ms)[0m  SELECT  "products".* FROM "products"  ORDER BY "products"."id" ASC LIMIT 1
  [1m[36mProduct Load (1.3ms)[0m  [1mSELECT  "products".* FROM "products"  ORDER BY "products"."id" ASC LIMIT 1[0m
  [1m[35mProduct Load (1.8ms)[0m  SELECT  "products".* FROM "products"  ORDER BY "products"."id" ASC LIMIT 1
  [1m[36mProduct Load (1.3ms)[0m  [1mSELECT  "products".* FROM "products"  ORDER BY "products"."id" ASC LIMIT 1[0m
  [1m[35mProduct Load (1.3ms)[0m  SELECT  "products".* FROM "products"  ORDER BY "products"."id" ASC LIMIT 1
  [1m[36mProduct Load (2.0ms)[0m  [1mSELECT  "products".* FROM "products"  ORDER BY "products"."id" ASC LIMIT 1[0m
  [1m[35m (0.4ms)[0m  BEGIN
  [1m[36mSQL (6.1ms)[0m  [1mUPDATE "products" SET "varietal" = $1, "vineyard" = $2, "updated_at" = $3 WHERE "products"."id" = $4[0m  [["varietal", "zinfandel"], ["vineyard", "australian"], ["updated_at", "2015-08-18 17:32:15.427417"], ["id", 1]]
  [1m[35m (0.9ms)[0m  COMMIT
  [1m[36mProduct Load (1.4ms)[0m  [1mSELECT  "products".* FROM "products"  ORDER BY "products"."id" ASC LIMIT 1[0m
